<?xml version="1.0" encoding="UTF-8"?>
<testng-results skipped="0" failed="0" ignored="0" total="1" passed="1">
  <reporter-output>
  </reporter-output>
  <suite name="Default suite" duration-ms="47" started-at="2017-08-11T15:25:59Z" finished-at="2017-08-11T15:25:59Z">
    <groups>
    </groups>
    <test name="Default test" duration-ms="47" started-at="2017-08-11T15:25:59Z" finished-at="2017-08-11T15:25:59Z">
      <class name="TestCase.PurchaseiMacs">
        <test-method status="PASS" signature="startTest()[pri:0, instance:TestCase.PurchaseiMacs@28d25987]" name="startTest" is-config="true" duration-ms="9" started-at="2017-08-11T23:25:59Z" finished-at="2017-08-11T23:25:59Z">
          <reporter-output>
          </reporter-output>
        </test-method> <!-- startTest -->
        <test-method status="PASS" signature="selectProduct()[pri:0, instance:TestCase.PurchaseiMacs@28d25987]" name="selectProduct" duration-ms="10" started-at="2017-08-11T23:25:59Z" finished-at="2017-08-11T23:25:59Z">
          <reporter-output>
          </reporter-output>
        </test-method> <!-- selectProduct -->
      </class> <!-- TestCase.PurchaseiMacs -->
    </test> <!-- Default test -->
  </suite> <!-- Default suite -->
</testng-results>
