<?xml version="1.0" encoding="UTF-8"?>
<testng-results skipped="0" failed="0" ignored="0" total="1" passed="1">
  <reporter-output>
  </reporter-output>
  <suite name="Default suite" duration-ms="15815" started-at="2017-08-07T10:33:51Z" finished-at="2017-08-07T10:34:07Z">
    <groups>
    </groups>
    <test name="Default test" duration-ms="15815" started-at="2017-08-07T10:33:51Z" finished-at="2017-08-07T10:34:07Z">
      <class name="GitHub.PageFactoryWithInheritClass.Page.TestCase">
        <test-method status="PASS" signature="setup()[pri:0, instance:GitHub.PageFactoryWithInheritClass.Page.TestCase@3532ec19]" name="setup" is-config="true" duration-ms="15781" started-at="2017-08-07T18:33:51Z" finished-at="2017-08-07T18:34:06Z">
          <reporter-output>
          </reporter-output>
        </test-method> <!-- setup -->
        <test-method status="PASS" signature="testcase()[pri:0, instance:GitHub.PageFactoryWithInheritClass.Page.TestCase@3532ec19]" name="testcase" duration-ms="5" started-at="2017-08-07T18:34:06Z" finished-at="2017-08-07T18:34:07Z">
          <reporter-output>
          </reporter-output>
        </test-method> <!-- testcase -->
      </class> <!-- GitHub.PageFactoryWithInheritClass.Page.TestCase -->
    </test> <!-- Default test -->
  </suite> <!-- Default suite -->
</testng-results>
